<?xml version="1.0" encoding="UTF-8"?>
<testng-results ignored="0" total="1" passed="1" failed="0" skipped="0">
  <reporter-output>
  </reporter-output>
  <suite started-at="2025-04-10T22:44:40 IST" name="Default suite" finished-at="2025-04-10T22:44:53 IST" duration-ms="12847">
    <groups>
      <group name="cucumber">
        <method signature="AbstractTestNGCucumberTests.runScenario(io.cucumber.testng.PickleWrapper,io.cucumber.testng.FeatureWrapper)[pri:0, instance:com.Flipkart.TestRunner.TestRunner@5e7cd6cc]" name="runScenario" class="io.cucumber.testng.AbstractTestNGCucumberTests"/>
      </group> <!-- cucumber -->
    </groups>
    <test started-at="2025-04-10T22:44:40 IST" name="Default test" finished-at="2025-04-10T22:44:53 IST" duration-ms="12847">
      <class name="com.Flipkart.TestRunner.TestRunner">
        <test-method is-config="true" signature="setUpClass(org.testng.ITestContext)[pri:0, instance:com.Flipkart.TestRunner.TestRunner@5e7cd6cc]" started-at="2025-04-10T22:44:40 IST" name="setUpClass" finished-at="2025-04-10T22:44:40 IST" duration-ms="341" status="PASS">
          <params>
            <param index="0">
              <value>
                <![CDATA[org.testng.TestRunner@2436ea2f]]>
              </value>
            </param>
          </params>
          <reporter-output>
          </reporter-output>
        </test-method> <!-- setUpClass -->
        <test-method signature="runScenario(io.cucumber.testng.PickleWrapper,io.cucumber.testng.FeatureWrapper)[pri:0, instance:com.Flipkart.TestRunner.TestRunner@5e7cd6cc]" started-at="2025-04-10T22:44:40 IST" name="runScenario" description="Runs Cucumber Scenarios" data-provider="scenarios" finished-at="2025-04-10T22:44:53 IST" duration-ms="12413" status="PASS">
          <params>
            <param index="0">
              <value>
                <![CDATA["Test the search functionality"]]>
              </value>
            </param>
            <param index="1">
              <value>
                <![CDATA["Flipkart automation"]]>
              </value>
            </param>
          </params>
          <reporter-output>
          </reporter-output>
        </test-method> <!-- runScenario -->
        <test-method is-config="true" signature="tearDownClass()[pri:0, instance:com.Flipkart.TestRunner.TestRunner@5e7cd6cc]" started-at="2025-04-10T22:44:53 IST" name="tearDownClass" finished-at="2025-04-10T22:44:53 IST" duration-ms="6" status="PASS">
          <reporter-output>
          </reporter-output>
        </test-method> <!-- tearDownClass -->
      </class> <!-- com.Flipkart.TestRunner.TestRunner -->
    </test> <!-- Default test -->
  </suite> <!-- Default suite -->
</testng-results>
